<?xml version="1.0" encoding="UTF-8"?>
<!-- Generated by org.testng.reporters.JUnitReportReporter -->
<testsuite hostname="DESKTOP-098LET7" failures="0" tests="1" name="com.automation.testcases.G99HomePage" time="28.451" errors="0" timestamp="2022-01-15T23:32:07 IST" skipped="0">
  <testcase classname="com.automation.testcases.G99HomePage" name="HPValidation" time="28.451"/>
  <system-out/>
</testsuite> <!-- com.automation.testcases.G99HomePage -->
